<?xml version="1.0" encoding="UTF-8"?>
<!-- Generated by org.testng.reporters.JUnitReportReporter -->
<testsuite name="demo_Project.test.GoToCompanyPageTest" tests="1" time="4.096" ignored="1" failures="0" timestamp="10 Nov 2020 16:30:42 GMT" skipped="0" hostname="DESKTOP-RS57QU3" errors="0">
  <testcase name="clik" time="4.096" classname="demo_Project.test.GoToCompanyPageTest"/>
  <testcase name="setURL" classname="demo_Project.test.TestBase">
    <skipped/>
  </testcase> <!-- setURL -->
</testsuite> <!-- demo_Project.test.GoToCompanyPageTest -->
