<?xml version="1.0" encoding="UTF-8"?>
<!-- Generated by org.testng.reporters.JUnitReportReporter -->
<testsuite name="demo_Project.test.NewPriceRequestVendorPageTest" tests="1" time="5.289" ignored="10" failures="0" timestamp="21 Nov 2020 15:49:46 GMT" skipped="0" hostname="DESKTOP-RS57QU3" errors="0">
  <testcase name="testNewPriceRequest" time="5.289" classname="demo_Project.test.NewPriceRequestVendorPageTest"/>
  <testcase name="setURL" classname="demo_Project.test.TestBase">
    <skipped/>
  </testcase> <!-- setURL -->
  <testcase name="setURL" classname="demo_Project.test.TestBase">
    <skipped/>
  </testcase> <!-- setURL -->
  <testcase name="setURL" classname="demo_Project.test.TestBase">
    <skipped/>
  </testcase> <!-- setURL -->
  <testcase name="setURL" classname="demo_Project.test.TestBase">
    <skipped/>
  </testcase> <!-- setURL -->
  <testcase name="setURL" classname="demo_Project.test.TestBase">
    <skipped/>
  </testcase> <!-- setURL -->
  <testcase name="setURL" classname="demo_Project.test.TestBase">
    <skipped/>
  </testcase> <!-- setURL -->
  <testcase name="setURL" classname="demo_Project.test.TestBase">
    <skipped/>
  </testcase> <!-- setURL -->
  <testcase name="setURL" classname="demo_Project.test.TestBase">
    <skipped/>
  </testcase> <!-- setURL -->
  <testcase name="setURL" classname="demo_Project.test.TestBase">
    <skipped/>
  </testcase> <!-- setURL -->
  <testcase name="setURL" classname="demo_Project.test.TestBase">
    <skipped/>
  </testcase> <!-- setURL -->
</testsuite> <!-- demo_Project.test.NewPriceRequestVendorPageTest -->
