<?xml version="1.0" encoding="UTF-8"?>
<!-- Generated by org.testng.reporters.JUnitReportReporter -->
<testsuite name="demo_Project.test.ProspectionAreaPageTest" tests="1" time="3.286" ignored="4" failures="0" timestamp="11 Nov 2020 20:09:56 GMT" skipped="0" hostname="DESKTOP-RS57QU3" errors="0">
  <testcase name="testPropectionAreaTest" time="3.286" classname="demo_Project.test.ProspectionAreaPageTest"/>
  <testcase name="setURL" classname="demo_Project.test.TestBase">
    <skipped/>
  </testcase> <!-- setURL -->
  <testcase name="setURL" classname="demo_Project.test.TestBase">
    <skipped/>
  </testcase> <!-- setURL -->
  <testcase name="setURL" classname="demo_Project.test.TestBase">
    <skipped/>
  </testcase> <!-- setURL -->
  <testcase name="setURL" classname="demo_Project.test.TestBase">
    <skipped/>
  </testcase> <!-- setURL -->
</testsuite> <!-- demo_Project.test.ProspectionAreaPageTest -->
